<?xml version="1.0" encoding="UTF-8"?>
<testng-results ignored="0" total="2" passed="2" failed="0" skipped="0">
  <reporter-output>
    <line>
      <![CDATA[<br><img src='C:\Users\dksan\eclipse-workspace\POMFramework\output\20220212_170228\20220212_170235.png'height='300' width=�300'><br>]]>
    </line>
    <line>
      <![CDATA[<br><img src='C:\Users\dksan\eclipse-workspace\POMFramework\output\20220212_170228\20220212_170235.png'height='300' width=�300'><br>]]>
    </line>
    <line>
      <![CDATA[<br><img src='C:\Users\dksan\eclipse-workspace\POMFramework\output\20220212_170228\20220212_170236.png'height='300' width=�300'><br>]]>
    </line>
    <line>
      <![CDATA[<br><img src='C:\Users\dksan\eclipse-workspace\POMFramework\output\20220212_170228\20220212_170236.png'height='300' width=�300'><br>]]>
    </line>
    <line>
      <![CDATA[<br><img src='C:\Users\dksan\eclipse-workspace\POMFramework\output\20220212_170228\20220212_170241.png'height='300' width=�300'><br>]]>
    </line>
    <line>
      <![CDATA[<br><img src='C:\Users\dksan\eclipse-workspace\POMFramework\output\20220212_170228\20220212_170241.png'height='300' width=�300'><br>]]>
    </line>
    <line>
      <![CDATA[<br><img src='C:\Users\dksan\eclipse-workspace\POMFramework\output\20220212_170228\20220212_170241.png'height='300' width=�300'><br>]]>
    </line>
    <line>
      <![CDATA[<br><img src='C:\Users\dksan\eclipse-workspace\POMFramework\output\20220212_170228\20220212_170241.png'height='300' width=�300'><br>]]>
    </line>
    <line>
      <![CDATA[<br><img src='C:\Users\dksan\eclipse-workspace\POMFramework\output\20220212_170228\20220212_170242.png'height='300' width=�300'><br>]]>
    </line>
    <line>
      <![CDATA[<br><img src='C:\Users\dksan\eclipse-workspace\POMFramework\output\20220212_170228\20220212_170242.png'height='300' width=�300'><br>]]>
    </line>
    <line>
      <![CDATA[<br><img src='C:\Users\dksan\eclipse-workspace\POMFramework\output\20220212_170228\20220212_170244.png'height='300' width=�300'><br>]]>
    </line>
    <line>
      <![CDATA[<br><img src='C:\Users\dksan\eclipse-workspace\POMFramework\output\20220212_170228\20220212_170245.png'height='300' width=�300'><br>]]>
    </line>
    <line>
      <![CDATA[<br><img src='C:\Users\dksan\eclipse-workspace\POMFramework\output\20220212_170228\20220212_170245.png'height='300' width=�300'><br>]]>
    </line>
    <line>
      <![CDATA[<br><img src='C:\Users\dksan\eclipse-workspace\POMFramework\output\20220212_170228\20220212_170246.png'height='300' width=�300'><br>]]>
    </line>
    <line>
      <![CDATA[<br><img src='C:\Users\dksan\eclipse-workspace\POMFramework\output\20220212_170228\20220212_170246.png'height='300' width=�300'><br>]]>
    </line>
    <line>
      <![CDATA[<br><img src='C:\Users\dksan\eclipse-workspace\POMFramework\output\20220212_170228\20220212_170246.png'height='300' width=�300'><br>]]>
    </line>
  </reporter-output>
  <suite started-at="2022-02-12T17:02:35 IST" name="HRM Test Suite" finished-at="2022-02-12T17:02:46 IST" duration-ms="11174">
    <groups>
    </groups>
    <test started-at="2022-02-12T17:02:35 IST" name="Pending Leave Request" finished-at="2022-02-12T17:02:41 IST" duration-ms="6532">
      <class name="testCases.Pending_Leave">
        <test-method signature="verfiyPendingLeave()[pri:0, instance:testCases.Pending_Leave@72035809]" started-at="2022-02-12T17:02:35 IST" name="verfiyPendingLeave" finished-at="2022-02-12T17:02:41 IST" duration-ms="6508" status="PASS">
          <reporter-output>
            <line>
              <![CDATA[<br><img src='C:\Users\dksan\eclipse-workspace\POMFramework\output\20220212_170228\20220212_170235.png'height='300' width=�300'><br>]]>
            </line>
            <line>
              <![CDATA[<br><img src='C:\Users\dksan\eclipse-workspace\POMFramework\output\20220212_170228\20220212_170236.png'height='300' width=�300'><br>]]>
            </line>
            <line>
              <![CDATA[<br><img src='C:\Users\dksan\eclipse-workspace\POMFramework\output\20220212_170228\20220212_170236.png'height='300' width=�300'><br>]]>
            </line>
            <line>
              <![CDATA[<br><img src='C:\Users\dksan\eclipse-workspace\POMFramework\output\20220212_170228\20220212_170241.png'height='300' width=�300'><br>]]>
            </line>
            <line>
              <![CDATA[<br><img src='C:\Users\dksan\eclipse-workspace\POMFramework\output\20220212_170228\20220212_170241.png'height='300' width=�300'><br>]]>
            </line>
            <line>
              <![CDATA[<br><img src='C:\Users\dksan\eclipse-workspace\POMFramework\output\20220212_170228\20220212_170241.png'height='300' width=�300'><br>]]>
            </line>
            <line>
              <![CDATA[<br><img src='C:\Users\dksan\eclipse-workspace\POMFramework\output\20220212_170228\20220212_170241.png'height='300' width=�300'><br>]]>
            </line>
          </reporter-output>
        </test-method> <!-- verfiyPendingLeave -->
      </class> <!-- testCases.Pending_Leave -->
    </test> <!-- Pending Leave Request -->
    <test started-at="2022-02-12T17:02:41 IST" name="UserRoleValidation" finished-at="2022-02-12T17:02:46 IST" duration-ms="4592">
      <class name="testCases.User_Role">
        <test-method is-config="true" signature="launchBrowser()[pri:0, instance:testCases.User_Role@792b749c]" started-at="2022-02-12T17:02:28 IST" name="launchBrowser" finished-at="2022-02-12T17:02:35 IST" duration-ms="6808" status="PASS">
          <reporter-output>
            <line>
              <![CDATA[<br><img src='C:\Users\dksan\eclipse-workspace\POMFramework\output\20220212_170228\20220212_170235.png'height='300' width=�300'><br>]]>
            </line>
          </reporter-output>
        </test-method> <!-- launchBrowser -->
        <test-method signature="checkrole()[pri:0, instance:testCases.User_Role@792b749c]" started-at="2022-02-12T17:02:41 IST" name="checkrole" finished-at="2022-02-12T17:02:46 IST" duration-ms="4584" status="PASS">
          <reporter-output>
            <line>
              <![CDATA[<br><img src='C:\Users\dksan\eclipse-workspace\POMFramework\output\20220212_170228\20220212_170242.png'height='300' width=�300'><br>]]>
            </line>
            <line>
              <![CDATA[<br><img src='C:\Users\dksan\eclipse-workspace\POMFramework\output\20220212_170228\20220212_170242.png'height='300' width=�300'><br>]]>
            </line>
            <line>
              <![CDATA[<br><img src='C:\Users\dksan\eclipse-workspace\POMFramework\output\20220212_170228\20220212_170244.png'height='300' width=�300'><br>]]>
            </line>
            <line>
              <![CDATA[<br><img src='C:\Users\dksan\eclipse-workspace\POMFramework\output\20220212_170228\20220212_170245.png'height='300' width=�300'><br>]]>
            </line>
            <line>
              <![CDATA[<br><img src='C:\Users\dksan\eclipse-workspace\POMFramework\output\20220212_170228\20220212_170245.png'height='300' width=�300'><br>]]>
            </line>
            <line>
              <![CDATA[<br><img src='C:\Users\dksan\eclipse-workspace\POMFramework\output\20220212_170228\20220212_170246.png'height='300' width=�300'><br>]]>
            </line>
            <line>
              <![CDATA[<br><img src='C:\Users\dksan\eclipse-workspace\POMFramework\output\20220212_170228\20220212_170246.png'height='300' width=�300'><br>]]>
            </line>
            <line>
              <![CDATA[<br><img src='C:\Users\dksan\eclipse-workspace\POMFramework\output\20220212_170228\20220212_170246.png'height='300' width=�300'><br>]]>
            </line>
          </reporter-output>
        </test-method> <!-- checkrole -->
        <test-method is-config="true" signature="tearDown()[pri:0, instance:testCases.User_Role@792b749c]" started-at="2022-02-12T17:02:46 IST" name="tearDown" finished-at="2022-02-12T17:02:47 IST" duration-ms="509" status="PASS">
          <reporter-output>
          </reporter-output>
        </test-method> <!-- tearDown -->
      </class> <!-- testCases.User_Role -->
    </test> <!-- UserRoleValidation -->
  </suite> <!-- HRM Test Suite -->
</testng-results>
